<?xml version="1.0" encoding="UTF-8"?>
<!-- Generated by org.testng.reporters.JUnitReportReporter -->
<testsuite hostname="DESKTOP-5HMKLL6" failures="0" tests="1" name="testauto.SelectClass" time="38.542" errors="0" timestamp="03 Aug 2018 11:06:19 GMT" skipped="0">
  <testcase classname="testauto.SelectClass" name="test" time="38.542"/>
</testsuite> <!-- testauto.SelectClass -->
