<?xml version="1.0" encoding="UTF-8"?>
<!-- Generated by org.testng.reporters.JUnitReportReporter -->
<testsuite hostname="DESKTOP-5HMKLL6" failures="0" tests="1" name="testauto.Testing" time="26.613" errors="0" timestamp="02 Aug 2018 14:28:15 GMT" skipped="0">
  <testcase classname="testauto.Testing" name="open" time="26.613"/>
</testsuite> <!-- testauto.Testing -->
