<?xml version="1.0" encoding="UTF-8"?>
<!-- Generated by org.testng.reporters.JUnitReportReporter -->
<testsuite hostname="DESKTOP-5HMKLL6" failures="0" tests="1" name="testauto.Alert" time="20.047" errors="0" timestamp="03 Aug 2018 11:07:06 GMT" skipped="0">
  <testcase classname="testauto.Alert" name="AlertTest" time="20.047"/>
</testsuite> <!-- testauto.Alert -->
